<?xml version="1.0" encoding="UTF-8"?>
<!-- Generated by org.testng.reporters.JUnitReportReporter -->
<testsuite name="uptake.demo.Demo" tests="1" time="19.895" ignored="0" failures="0" timestamp="04 Jan 2018 18:04:42 GMT" skipped="0" hostname="Geek" errors="0">
  <testcase name="homePageValidation" time="19.895" classname="uptake.demo.Demo"/>
</testsuite> <!-- uptake.demo.Demo -->
